\BOOKMARK [1][-]{section.1}{Introduction}{}% 1
\BOOKMARK [2][-]{subsection.1.1}{Computational error detection and correction}{section.1}% 2
\BOOKMARK [3][-]{subsubsection.1.1.1}{Triple Modular Redundancy\(TMR\)}{subsection.1.1}% 3
\BOOKMARK [3][-]{subsubsection.1.1.2}{Residue Checking}{subsection.1.1}% 4
\BOOKMARK [3][-]{subsubsection.1.1.3}{RNS and RRNS}{subsection.1.1}% 5
\BOOKMARK [2][-]{subsection.1.2}{CREEPY and limitations}{section.1}% 6
\BOOKMARK [2][-]{subsection.1.3}{Contributions}{section.1}% 7
\BOOKMARK [1][-]{section.2}{RRNS Checkpoint System Architecture}{}% 8
\BOOKMARK [2][-]{subsection.2.1}{Bases Selections for Both Systems}{section.2}% 9
\BOOKMARK [2][-]{subsection.2.2}{RRNS Checkpoint and Rollback Mechanism Overview}{section.2}% 10
\BOOKMARK [1][-]{section.3}{Adaptive Checkpoint and Rollback Schemes}{}% 11
\BOOKMARK [2][-]{subsection.3.1}{Extra Overhead Estimation}{section.3}% 12
\BOOKMARK [2][-]{subsection.3.2}{Error Interval Heuristics}{section.3}% 13
\BOOKMARK [1][-]{section.4}{Evaluation Methodology}{}% 14
\BOOKMARK [1][-]{section.5}{EXPERIMENTAL EVALUATION}{}% 15
\BOOKMARK [2][-]{subsection.5.1}{Minimal Signal Energy with Reasonable Reliability}{section.5}% 16
\BOOKMARK [2][-]{subsection.5.2}{Energy Delay Product\(EDP\) Comparison of 3 RRNS Configurations}{section.5}% 17
\BOOKMARK [2][-]{subsection.5.3}{Energy Breakdown of Static-best Checkpoint Configurations}{section.5}% 18
\BOOKMARK [2][-]{subsection.5.4}{Energy and EDP Comparison}{section.5}% 19
\BOOKMARK [1][-]{section.6}{Related Work}{}% 20
\BOOKMARK [1][-]{section.7}{Conclusion}{}% 21
\BOOKMARK [1][-]{section.8}{References}{}% 22
\BOOKMARK [2][-]{subsection.Alph0.1}{Expected Error Time in EOE Adaptive Checking}{section.8}% 23
